<?xml version="1.0" encoding="UTF-8"?>
<!-- Generated by org.testng.reporters.JUnitReportReporter -->
<testsuite hostname="DESKTOP-65T02BH" failures="0" tests="1" name="test.ACTesting" time="5.290" errors="0" timestamp="2022-03-15T20:37:42 ADT" skipped="0">
  <testcase classname="test.ACTesting" name="ACTest" time="5.290"/>
  <system-out/>
</testsuite> <!-- test.ACTesting -->
